<?xml version="1.0" encoding="UTF-8"?>
<testsuite name="com.soj.association.composition.BookTest" tests="2" skipped="0" failures="0" errors="0" timestamp="2022-02-03T18:03:35" hostname="DESKTOP-H3C67DB" time="0.002">
  <properties/>
  <testcase name="testForBookAsSetTitle()" classname="com.soj.association.composition.BookTest" time="0.001"/>
  <testcase name="testForBookAsSetAuthor()" classname="com.soj.association.composition.BookTest" time="0.001"/>
  <system-out><![CDATA[]]></system-out>
  <system-err><![CDATA[]]></system-err>
</testsuite>
