<?xml version="1.0" encoding="UTF-8"?>
<testsuite name="com.soj.association.aggregation.InstituteTest" tests="3" skipped="0" failures="0" errors="0" timestamp="2022-02-03T18:03:35" hostname="DESKTOP-H3C67DB" time="0.002">
  <properties/>
  <testcase name="setDepartments()" classname="com.soj.association.aggregation.InstituteTest" time="0.001"/>
  <testcase name="TestToSetTheInstituteName()" classname="com.soj.association.aggregation.InstituteTest" time="0.001"/>
  <testcase name="getTotalStudentInInstitute()" classname="com.soj.association.aggregation.InstituteTest" time="0.0"/>
  <system-out><![CDATA[]]></system-out>
  <system-err><![CDATA[]]></system-err>
</testsuite>
